  0.294524310937500     
  0.589048621875000     
  0.883572932812500     
   1.17809724375000     
   1.47262155468750     
   1.76714586562500     
   2.06167017656250     
   2.35619448750000     
   2.65071879843750     
   2.94524310937500     
   3.23976742031250     
   3.53429173125000     
   3.82881604218750     
   4.12334035312500     
   4.41786466406250     
   4.71238897500000     
   5.00691328593750     
   5.30143759687500     
   5.59596190781250     
   5.89048621875000     
   6.18501052968750     
   6.47953484062500     
   6.77405915156250     
   7.06858346250000     
   7.36310777343750     
   7.65763208437500     
   7.95215639531250     
   8.24668070625000     
   8.54120501718750     
   8.83572932812500     
   9.13025363906250     
   9.42477795000000     
