    3.1415926536    0.0000000000    0.0000000000
    3.1730085801    0.0000000000    0.0000000000
    3.2044245067    0.0000000000    0.0000000000
    3.2358404332    0.0000000000    0.0000000000
    3.2672563597    0.0000000000    0.0000000000
    3.2986722863    0.0000000000    0.0000000000
    3.3300882128    0.0000000000    0.0000000000
    3.3615041393    0.0000000000    0.0000000000
    3.3929200659    0.0000000000    0.0000000000
    3.4243359924    0.0000000000    0.0000000000
    3.4557519189    0.0000000000    0.0000000000
    3.4871678455    0.0000000000    0.0000000000
    3.5185837720    0.0000000000    0.0000000000
    3.5499996986    0.0000000000    0.0000000000
    3.5814156251    0.0000000000    0.0000000000
    3.6128315516    0.0000000000    0.0000000000
    3.6442474782    0.0000000000    0.0000000000
    3.6756634047    0.0000000000    0.0000000000
    3.7070793312    0.0000000000    0.0000000000
    3.7384952578    0.0000000000    0.0000000000
    3.7699111843    0.0000000000    0.0000000000
    3.8013271108    0.0000000000    0.0000000000
    3.8327430374    0.0000000000    0.0000000000
    3.8641589639    0.0000000000    0.0000000000
    3.8955748905    0.0000000000    0.0000000000
    3.9269908170    0.0000000000    0.0000000000
    3.9584067435    0.0000000000    0.0000000000
    3.9898226701    0.0000000000    0.0000000000
    4.0212385966    0.0000000000    0.0000000000
    4.0526545231    0.0000000000    0.0000000000
    4.0840704497    0.0000000000    0.0000000000
    4.1154863762    0.0000000000    0.0000000000
    4.1469023027    0.0000000000    0.0000000000
    4.1783182293    0.0000000000    0.0000000000
    4.2097341558    0.0000000000    0.0000000000
    4.2411500823    0.0000000000    0.0000000000
    4.2725660089    0.0000000000    0.0000000000
    4.3039819354    0.0000000000    0.0000000000
    4.3353978620    0.0000000000    0.0000000000
    4.3668137885    0.0000000000    0.0000000000
    4.3982297150    0.0000000000    0.0000000000
    4.4296456416    0.0000000000    0.0000000000
    4.4610615681    0.0000000000    0.0000000000
    4.4924774946    0.0000000000    0.0000000000
    4.5238934212    0.0000000000    0.0000000000
    4.5553093477    0.0000000000    0.0000000000
    4.5867252742    0.0000000000    0.0000000000
    4.6181412008    0.0000000000    0.0000000000
    4.6495571273    0.0000000000    0.0000000000
    4.6809730538    0.0000000000    0.0000000000
    4.7123889804    0.0000000000    0.0000000000
    4.7438049069    0.0000000000    0.0000000000
    4.7752208335    0.0000000000    0.0000000000
    4.8066367600    0.0000000000    0.0000000000
    4.8380526865    0.0000000000    0.0000000000
    4.8694686131    0.0000000000    0.0000000000
    4.9008845396    0.0000000000    0.0000000000
    4.9323004661    0.0000000000    0.0000000000
    4.9637163927    0.0000000000    0.0000000000
    4.9951323192    0.0000000000    0.0000000000
    5.0265482457    0.0000000000    0.0000000000
    5.0579641723    0.0000000000    0.0000000000
    5.0893800988    0.0000000000    0.0000000000
    5.1207960254    0.0000000000    0.0000000000
    5.1522119519    0.0000000000    0.0000000000
    5.1836278784    0.0000000000    0.0000000000
    5.2150438050    0.0000000000    0.0000000000
    5.2464597315    0.0000000000    0.0000000000
    5.2778756580    0.0000000000    0.0000000000
    5.3092915846    0.0000000000    0.0000000000
    5.3407075111    0.0000000000    0.0000000000
    5.3721234376    0.0000000000    0.0000000000
    5.4035393642    0.0000000000    0.0000000000
    5.4349552907    0.0000000000    0.0000000000
    5.4663712172    0.0000000000    0.0000000000
    5.4977871438    0.0000000000    0.0000000000
    5.5292030703    0.0000000000    0.0000000000
    5.5606189969    0.0000000000    0.0000000000
    5.5920349234    0.0000000000    0.0000000000
    5.6234508499    0.0000000000    0.0000000000
    5.6548667765    0.0000000000    0.0000000000
    5.6862827030    0.0000000000    0.0000000000
    5.7176986295    0.0000000000    0.0000000000
    5.7491145561    0.0000000000    0.0000000000
    5.7805304826    0.0000000000    0.0000000000
    5.8119464091    0.0000000000    0.0000000000
    5.8433623357    0.0000000000    0.0000000000
    5.8747782622    0.0000000000    0.0000000000
    5.9061941887    0.0000000000    0.0000000000
    5.9376101153    0.0000000000    0.0000000000
    5.9690260418    0.0000000000    0.0000000000
    6.0004419684    0.0000000000    0.0000000000
    6.0318578949    0.0000000000    0.0000000000
    6.0632738214    0.0000000000    0.0000000000
    6.0946897480    0.0000000000    0.0000000000
    6.1261056745    0.0000000000    0.0000000000
    6.1575216010    0.0000000000    0.0000000000
    6.1889375276    0.0000000000    0.0000000000
    6.2203534541    0.0000000000    0.0000000000
    6.2517693806    0.0000000000    0.0000000000
    6.2831853072    0.0000000000    0.0000000000
    6.3146012337    0.0000000000    0.0000000000
    6.3460171603    0.0000000000    0.0000000000
    6.3774330868    0.0000000000    0.0000000000
    6.4088490133    0.0000000000    0.0000000000
    6.4402649399    0.0000000000    0.0000000000
    6.4716808664    0.0000000000    0.0000000000
    6.5030967929    0.0000000000    0.0000000000
    6.5345127195    0.0000000000    0.0000000000
    6.5659286460    0.0000000000    0.0000000000
    6.5973445725    0.0000000000    0.0000000000
    6.6287604991    0.0000000000    0.0000000000
    6.6601764256    0.0000000000    0.0000000000
    6.6915923521    0.0000000000    0.0000000000
    6.7230082787    0.0000000000    0.0000000000
    6.7544242052    0.0000000000    0.0000000000
    6.7858401318    0.0000000000    0.0000000000
    6.8172560583    0.0000000000    0.0000000000
    6.8486719848    0.0000000000    0.0000000000
    6.8800879114    0.0000000000    0.0000000000
    6.9115038379    0.0000000000    0.0000000000
    6.9429197644    0.0000000000    0.0000000000
    6.9743356910    0.0000000000    0.0000000000
    7.0057516175    0.0000000000    0.0000000000
    7.0371675440    0.0000000000    0.0000000000
    7.0685834706    0.0000000000    0.0000000000
    7.0999993971    0.0000000000    0.0000000000
    7.1314153236    0.0000000000    0.0000000000
    7.1628312502    0.0000000000    0.0000000000
    7.1942471767    0.0000000000    0.0000000000
    7.2256631033    0.0000000000    0.0000000000
    7.2570790298    0.0000000000    0.0000000000
    7.2884949563    0.0000000000    0.0000000000
    7.3199108829    0.0000000000    0.0000000000
    7.3513268094    0.0000000000    0.0000000000
    7.3827427359    0.0000000000    0.0000000000
    7.4141586625    0.0000000000    0.0000000000
    7.4455745890    0.0000000000    0.0000000000
    7.4769905155    0.0000000000    0.0000000000
    7.5084064421    0.0000000000    0.0000000000
    7.5398223686    0.0000000000    0.0000000000
    7.5712382952    0.0000000000    0.0000000000
    7.6026542217    0.0000000000    0.0000000000
    7.6340701482    0.0000000000    0.0000000000
    7.6654860748    0.0000000000    0.0000000000
    7.6969020013    0.0000000000    0.0000000000
    7.7283179278    0.0000000000    0.0000000000
    7.7597338544    0.0000000000    0.0000000000
    7.7911497809    0.0000000000    0.0000000000
    7.8225657074    0.0000000000    0.0000000000
    7.8539816340    0.0000000000    0.0000000000
    7.8853975605    0.0000000000    0.0000000000
    7.9168134870    0.0000000000    0.0000000000
    7.9482294136    0.0000000000    0.0000000000
    7.9796453401    0.0000000000    0.0000000000
    8.0110612667    0.0000000000    0.0000000000
    8.0424771932    0.0000000000    0.0000000000
    8.0738931197    0.0000000000    0.0000000000
    8.1053090463    0.0000000000    0.0000000000
    8.1367249728    0.0000000000    0.0000000000
    8.1681408993    0.0000000000    0.0000000000
    8.1995568259    0.0000000000    0.0000000000
    8.2309727524    0.0000000000    0.0000000000
    8.2623886789    0.0000000000    0.0000000000
    8.2938046055    0.0000000000    0.0000000000
    8.3252205320    0.0000000000    0.0000000000
    8.3566364585    0.0000000000    0.0000000000
    8.3880523851    0.0000000000    0.0000000000
    8.4194683116    0.0000000000    0.0000000000
    8.4508842382    0.0000000000    0.0000000000
    8.4823001647    0.0000000000    0.0000000000
    8.5137160912    0.0000000000    0.0000000000
    8.5451320178    0.0000000000    0.0000000000
    8.5765479443    0.0000000000    0.0000000000
    8.6079638708    0.0000000000    0.0000000000
    8.6393797974    0.0000000000    0.0000000000
    8.6707957239    0.0000000000    0.0000000000
    8.7022116504    0.0000000000    0.0000000000
    8.7336275770    0.0000000000    0.0000000000
    8.7650435035    0.0000000000    0.0000000000
    8.7964594301    0.0000000000    0.0000000000
    8.8278753566    0.0000000000    0.0000000000
    8.8592912831    0.0000000000    0.0000000000
    8.8907072097    0.0000000000    0.0000000000
    8.9221231362    0.0000000000    0.0000000000
    8.9535390627    0.0000000000    0.0000000000
    8.9849549893    0.0000000000    0.0000000000
    9.0163709158    0.0000000000    0.0000000000
    9.0477868423    0.0000000000    0.0000000000
    9.0792027689    0.0000000000    0.0000000000
    9.1106186954    0.0000000000    0.0000000000
    9.1420346219    0.0000000000    0.0000000000
    9.1734505485    0.0000000000    0.0000000000
    9.2048664750    0.0000000000    0.0000000000
    9.2362824016    0.0000000000    0.0000000000
    9.2676983281    0.0000000000    0.0000000000
    9.2991142546    0.0000000000    0.0000000000
    9.3305301812    0.0000000000    0.0000000000
    9.3619461077    0.0000000000    0.0000000000
    9.3933620342    0.0000000000    0.0000000000
    9.4247779608    0.0000000000    0.0000000000
